<?xml version="1.0" encoding="UTF-8" ?>
<testsuite name="massive.mcover.CoverageEntryTest" time="0.00282" errors="0" hostname="" failures="0" tests="5" timestamp="2011-09-29 11:15:12">
<testcase name="shouldChangeResultWhenCountChanges" time="0.00012" classname="massive.mcover.CoverageEntryTest"/>
<testcase name="shouldDeserializeKeyInConstructor" time="0.00019" classname="massive.mcover.CoverageEntryTest"/>
<testcase name="shouldSerialiseToKey" time="0.00015" classname="massive.mcover.CoverageEntryTest"/>
<testcase name="shouldThrowErrorOnEmptyKey" time="0.00015" classname="massive.mcover.CoverageEntryTest"/>
<testcase name="shouldThrowErrorOnInvalidKeyFormat" time="6e-05" classname="massive.mcover.CoverageEntryTest"/>
<system-out></system-out>
<system-err></system-err>
</testsuite>